<?xml version="1.0" encoding="UTF-8"?>
<!-- Generated by org.testng.reporters.JUnitReportReporter -->
<testsuite hostname="DESKTOP-UB7KQ0Q" failures="0" tests="1" name="com.allencbt.qa.test.Login" time="5.582" errors="0" timestamp="2025-01-23T16:42:54 IST" skipped="0">
  <testcase classname="com.allencbt.qa.test.Login" name="login1" time="5.582"/>
</testsuite> <!-- com.allencbt.qa.test.Login -->
