<?xml version="1.0" encoding="UTF-8"?>
<!-- Generated by org.testng.reporters.JUnitReportReporter -->
<testsuite hostname="DESKTOP-UB7KQ0Q" failures="0" tests="1" name="com.zepto.tests.SetTheLocation" time="17.080" errors="0" timestamp="2024-12-26T17:46:53 IST" skipped="0">
  <testcase classname="com.zepto.tests.SetTheLocation" name="testGetLocationButtonText" time="17.080"/>
</testsuite> <!-- com.zepto.tests.SetTheLocation -->
